TN:
SF:src\polyfills.ts
FNF:0
FNH:0
DA:65,1
LF:1
LH:1
BRF:0
BRH:0
end_of_record
TN:
SF:src\test.ts
FNF:0
FNH:0
DA:10,1
DA:15,1
DA:16,1
LF:3
LH:3
BRF:0
BRH:0
end_of_record
TN:
SF:src\app\app.component.ts
FN:30,(anonymous_0)
FN:41,(anonymous_1)
FN:48,(anonymous_2)
FN:52,(anonymous_3)
FN:58,(anonymous_4)
FN:64,(anonymous_5)
FN:70,(anonymous_6)
FN:74,(anonymous_7)
FN:80,(anonymous_8)
FN:81,(anonymous_9)
FN:92,(anonymous_10)
FN:93,(anonymous_11)
FN:120,(anonymous_12)
FN:124,(anonymous_13)
FN:130,(anonymous_14)
FN:133,(anonymous_16)
FN:136,(anonymous_17)
FNF:17
FNH:17
FNDA:20,(anonymous_0)
FNDA:23,(anonymous_1)
FNDA:36,(anonymous_2)
FNDA:2,(anonymous_3)
FNDA:2,(anonymous_4)
FNDA:1,(anonymous_5)
FNDA:108,(anonymous_6)
FNDA:20,(anonymous_7)
FNDA:23,(anonymous_8)
FNDA:7,(anonymous_9)
FNDA:23,(anonymous_10)
FNDA:42,(anonymous_11)
FNDA:23,(anonymous_12)
FNDA:2,(anonymous_13)
FNDA:23,(anonymous_14)
FNDA:3,(anonymous_16)
FNDA:2,(anonymous_17)
DA:25,1
DA:31,20
DA:32,20
DA:33,20
DA:34,20
DA:35,20
DA:36,20
DA:37,20
DA:38,20
DA:42,23
DA:43,23
DA:44,23
DA:45,23
DA:49,36
DA:53,2
DA:54,1
DA:59,2
DA:60,1
DA:65,1
DA:66,1
DA:67,1
DA:71,108
DA:75,20
DA:76,2
DA:81,23
DA:82,7
DA:83,7
DA:84,6
DA:85,1
DA:87,6
DA:93,23
DA:94,42
DA:95,42
DA:96,13
DA:102,42
DA:103,42
DA:104,14
DA:110,42
DA:111,42
DA:112,15
DA:121,23
DA:125,2
DA:126,1
DA:131,23
DA:132,3
DA:133,3
DA:134,3
DA:135,3
DA:136,2
DA:137,2
DA:138,1
DA:139,1
DA:140,1
LF:53
LH:53
BRDA:53,0,0,1
BRDA:53,0,1,1
BRDA:53,1,0,2
BRDA:53,1,1,2
BRDA:59,2,0,1
BRDA:59,2,1,1
BRDA:59,3,0,2
BRDA:59,3,1,2
BRDA:75,4,0,2
BRDA:75,4,1,18
BRDA:83,5,0,6
BRDA:83,5,1,1
BRDA:84,6,0,1
BRDA:84,6,1,5
BRDA:95,7,0,13
BRDA:95,7,1,29
BRDA:95,8,0,42
BRDA:95,8,1,13
BRDA:103,9,0,14
BRDA:103,9,1,28
BRDA:103,10,0,42
BRDA:103,10,1,14
BRDA:111,11,0,15
BRDA:111,11,1,27
BRDA:111,12,0,42
BRDA:111,12,1,15
BRDA:125,13,0,1
BRDA:125,13,1,1
BRDA:125,14,0,2
BRDA:125,14,1,2
BRDA:131,15,0,3
BRDA:131,15,1,20
BRDA:135,16,0,2
BRDA:135,16,1,1
BRDA:137,17,0,1
BRDA:137,17,1,1
BRF:36
BRH:36
end_of_record
TN:
SF:src\app\app.config.ts
FNF:0
FNH:0
DA:4,1
DA:5,1
DA:6,1
DA:7,1
DA:8,1
DA:11,1
DA:14,1
DA:15,1
DA:16,1
DA:19,1
DA:22,1
DA:23,1
DA:27,1
DA:28,1
DA:29,1
DA:30,1
DA:33,1
LF:17
LH:17
BRF:0
BRH:0
end_of_record
TN:
SF:src\app\components\ad-detail\ad-detail.component.ts
FN:39,(anonymous_0)
FN:49,(anonymous_1)
FN:57,(anonymous_3)
FN:61,(anonymous_5)
FN:74,(anonymous_6)
FN:78,(anonymous_7)
FN:92,(anonymous_8)
FN:96,(anonymous_9)
FN:100,(anonymous_10)
FN:105,(anonymous_11)
FN:109,(anonymous_12)
FN:113,(anonymous_13)
FN:117,(anonymous_15)
FNF:13
FNH:13
FNDA:13,(anonymous_0)
FNDA:25,(anonymous_1)
FNDA:25,(anonymous_3)
FNDA:2,(anonymous_5)
FNDA:2,(anonymous_6)
FNDA:1,(anonymous_7)
FNDA:1,(anonymous_8)
FNDA:1,(anonymous_9)
FNDA:1,(anonymous_10)
FNDA:1,(anonymous_11)
FNDA:2,(anonymous_12)
FNDA:3,(anonymous_13)
FNDA:1,(anonymous_15)
DA:32,1
DA:40,13
DA:41,13
DA:42,13
DA:43,13
DA:44,13
DA:45,13
DA:46,13
DA:47,13
DA:50,25
DA:51,25
DA:52,25
DA:53,25
DA:54,24
DA:58,25
DA:59,25
DA:60,23
DA:61,2
DA:62,22
DA:63,18
DA:64,18
DA:67,4
DA:70,2
DA:75,2
DA:79,1
DA:80,1
DA:93,1
DA:97,1
DA:101,1
DA:106,1
DA:110,2
DA:114,3
DA:116,3
DA:117,1
DA:118,3
LF:35
LH:35
BRDA:59,0,0,23
BRDA:59,0,1,2
BRDA:62,1,0,18
BRDA:62,1,1,4
BRDA:65,2,0,4
BRDA:65,2,1,14
BRDA:115,3,0,1
BRDA:115,3,1,2
BRF:8
BRH:8
end_of_record
TN:
SF:src\app\components\add-ad\add-ad.component.ts
FN:55,(anonymous_0)
FN:66,(anonymous_1)
FN:77,(anonymous_3)
FN:78,(anonymous_4)
FN:86,(anonymous_5)
FN:104,(anonymous_7)
FN:111,(anonymous_9)
FN:125,(anonymous_10)
FN:129,(anonymous_11)
FN:136,(anonymous_12)
FN:148,(anonymous_13)
FN:163,(anonymous_14)
FN:170,(anonymous_15)
FN:177,(anonymous_16)
FN:191,(anonymous_17)
FN:194,(anonymous_18)
FN:214,(anonymous_19)
FN:216,(anonymous_20)
FN:221,(anonymous_21)
FN:228,(anonymous_22)
FN:240,(anonymous_23)
FN:244,(anonymous_24)
FN:267,(anonymous_25)
FN:283,(anonymous_26)
FN:289,(anonymous_27)
FN:295,(anonymous_28)
FN:299,(anonymous_29)
FN:305,(anonymous_30)
FN:309,(anonymous_31)
FN:332,(anonymous_32)
FN:350,(anonymous_33)
FNF:31
FNH:31
FNDA:6,(anonymous_0)
FNDA:11,(anonymous_1)
FNDA:11,(anonymous_3)
FNDA:8,(anonymous_4)
FNDA:11,(anonymous_5)
FNDA:4,(anonymous_7)
FNDA:1,(anonymous_9)
FNDA:1,(anonymous_10)
FNDA:5,(anonymous_11)
FNDA:3,(anonymous_12)
FNDA:5,(anonymous_13)
FNDA:1,(anonymous_14)
FNDA:1,(anonymous_15)
FNDA:7,(anonymous_16)
FNDA:11,(anonymous_17)
FNDA:11,(anonymous_18)
FNDA:11,(anonymous_19)
FNDA:8,(anonymous_20)
FNDA:1,(anonymous_21)
FNDA:11,(anonymous_22)
FNDA:1,(anonymous_23)
FNDA:12,(anonymous_24)
FNDA:5,(anonymous_25)
FNDA:9,(anonymous_26)
FNDA:2,(anonymous_27)
FNDA:51,(anonymous_28)
FNDA:2,(anonymous_29)
FNDA:6,(anonymous_30)
FNDA:16,(anonymous_31)
FNDA:11,(anonymous_32)
FNDA:4,(anonymous_33)
DA:35,1
DA:37,6
DA:56,6
DA:57,6
DA:58,6
DA:59,6
DA:60,6
DA:61,6
DA:62,6
DA:63,6
DA:64,6
DA:67,11
DA:68,11
DA:69,11
DA:70,11
DA:71,11
DA:72,11
DA:73,11
DA:74,11
DA:78,11
DA:79,8
DA:80,8
DA:81,2
DA:87,11
DA:88,11
DA:90,11
DA:91,11
DA:92,11
DA:93,11
DA:94,11
DA:95,11
DA:96,11
DA:98,11
DA:99,11
DA:100,11
DA:101,11
DA:105,4
DA:106,4
DA:107,1
DA:110,3
DA:111,1
DA:112,3
DA:113,2
DA:114,1
DA:118,1
DA:122,4
DA:126,1
DA:130,5
DA:131,4
DA:132,4
DA:133,3
DA:134,3
DA:135,3
DA:136,3
DA:137,3
DA:139,3
DA:142,1
DA:149,5
DA:150,5
DA:157,5
DA:158,4
DA:160,5
DA:164,1
DA:165,1
DA:166,1
DA:171,1
DA:172,1
DA:173,1
DA:178,7
DA:179,6
DA:183,6
DA:184,6
DA:185,4
DA:192,11
DA:195,11
DA:197,6
DA:198,6
DA:200,3
DA:201,3
DA:204,3
DA:206,2
DA:209,2
DA:215,11
DA:216,10
DA:217,8
DA:218,8
DA:219,8
DA:220,8
DA:222,1
DA:229,11
DA:230,11
DA:236,11
DA:237,11
DA:241,1
DA:245,12
DA:246,12
DA:247,9
DA:248,9
DA:251,12
DA:252,12
DA:253,10
DA:254,10
DA:255,9
DA:256,9
DA:258,10
DA:260,2
DA:261,1
DA:263,2
DA:268,5
DA:269,5
DA:270,2
DA:271,1
DA:272,1
DA:274,2
DA:276,3
DA:277,2
DA:279,3
DA:284,9
DA:285,8
DA:290,2
DA:291,1
DA:296,51
DA:300,2
DA:301,1
DA:306,6
DA:310,16
DA:327,9
DA:329,7
DA:333,11
DA:351,4
DA:352,4
LF:131
LH:131
BRDA:80,0,0,2
BRDA:80,0,1,6
BRDA:106,1,0,1
BRDA:106,1,1,3
BRDA:112,2,0,2
BRDA:112,2,1,1
BRDA:113,3,0,1
BRDA:113,3,1,1
BRDA:130,4,0,4
BRDA:130,4,1,1
BRDA:130,5,0,5
BRDA:130,5,1,4
BRDA:132,6,0,3
BRDA:132,6,1,1
BRDA:157,7,0,4
BRDA:157,7,1,1
BRDA:178,8,0,6
BRDA:178,8,1,1
BRDA:184,9,0,4
BRDA:184,9,1,2
BRDA:196,10,0,6
BRDA:196,10,1,3
BRDA:196,10,2,2
BRDA:215,11,0,10
BRDA:215,11,1,1
BRDA:215,12,0,11
BRDA:215,12,1,11
BRDA:246,13,0,9
BRDA:246,13,1,3
BRDA:252,14,0,10
BRDA:252,14,1,2
BRDA:252,15,0,12
BRDA:252,15,1,10
BRDA:254,16,0,9
BRDA:254,16,1,1
BRDA:260,17,0,1
BRDA:260,17,1,1
BRDA:269,18,0,2
BRDA:269,18,1,3
BRDA:269,19,0,5
BRDA:269,19,1,3
BRDA:270,20,0,1
BRDA:270,20,1,1
BRDA:276,21,0,2
BRDA:276,21,1,1
BRDA:284,22,0,8
BRDA:284,22,1,1
BRDA:284,23,0,9
BRDA:284,23,1,9
BRDA:285,24,0,8
BRDA:285,24,1,8
BRDA:290,25,0,1
BRDA:290,25,1,1
BRDA:290,26,0,2
BRDA:290,26,1,2
BRDA:291,27,0,1
BRDA:291,27,1,1
BRDA:296,28,0,51
BRDA:296,28,1,49
BRDA:300,29,0,1
BRDA:300,29,1,1
BRDA:310,30,0,9
BRDA:310,30,1,7
BRDA:310,31,0,16
BRDA:310,31,1,16
BRDA:310,31,2,16
BRDA:310,31,3,16
BRDA:310,31,4,16
BRDA:310,31,5,16
BRDA:310,31,6,16
BRDA:310,31,7,7
BRDA:310,31,8,7
BRDA:310,31,9,7
BRDA:310,31,10,7
BRDA:310,31,11,7
BRDA:310,31,12,7
BRDA:310,31,13,7
BRDA:310,31,14,7
BRDA:310,31,15,7
BRDA:310,31,16,7
BRDA:310,31,17,7
BRDA:352,32,0,1
BRDA:352,32,1,3
BRF:83
BRH:83
end_of_record
TN:
SF:src\app\components\ads\ads.component.ts
FN:40,(anonymous_0)
FN:49,(anonymous_1)
FN:58,(anonymous_3)
FN:60,(anonymous_5)
FN:62,(anonymous_6)
FN:66,(anonymous_7)
FN:73,(anonymous_8)
FN:75,(anonymous_9)
FN:80,(anonymous_10)
FN:88,(anonymous_11)
FN:92,(anonymous_12)
FN:97,(anonymous_13)
FN:102,(anonymous_14)
FN:115,(anonymous_15)
FN:116,(anonymous_16)
FNF:15
FNH:15
FNDA:11,(anonymous_0)
FNDA:21,(anonymous_1)
FNDA:21,(anonymous_3)
FNDA:2,(anonymous_5)
FNDA:32,(anonymous_6)
FNDA:8,(anonymous_7)
FNDA:13,(anonymous_8)
FNDA:10,(anonymous_9)
FNDA:3,(anonymous_10)
FNDA:1,(anonymous_11)
FNDA:1,(anonymous_12)
FNDA:2,(anonymous_13)
FNDA:2,(anonymous_14)
FNDA:21,(anonymous_15)
FNDA:22,(anonymous_16)
DA:31,1
DA:33,11
DA:41,11
DA:42,11
DA:43,11
DA:44,11
DA:45,11
DA:46,11
DA:47,11
DA:50,21
DA:51,21
DA:52,21
DA:53,21
DA:54,21
DA:55,18
DA:59,21
DA:60,2
DA:61,20
DA:62,32
DA:63,18
DA:64,18
DA:65,18
DA:66,8
DA:68,12
DA:74,13
DA:75,5
DA:76,10
DA:77,5
DA:79,5
DA:80,5
DA:81,3
DA:89,1
DA:93,1
DA:98,2
DA:99,2
DA:103,2
DA:104,1
DA:106,1
DA:108,1
DA:110,1
DA:116,21
DA:117,22
DA:118,22
DA:119,22
DA:120,3
LF:45
LH:45
BRDA:61,0,0,18
BRDA:61,0,1,2
BRDA:65,1,0,4
BRDA:65,1,1,12
BRDA:74,2,0,5
BRDA:74,2,1,8
BRDA:76,3,0,5
BRDA:76,3,1,5
BRDA:78,4,0,3
BRDA:78,4,1,2
BRDA:82,5,0,1
BRDA:82,5,1,4
BRDA:103,6,0,1
BRDA:103,6,1,1
BRDA:103,7,0,2
BRDA:103,7,1,2
BRDA:119,8,0,3
BRDA:119,8,1,19
BRDA:119,9,0,22
BRDA:119,9,1,3
BRDA:119,9,2,3
BRF:21
BRH:21
end_of_record
TN:
SF:src\app\components\login\login.component.ts
FN:32,(anonymous_0)
FN:45,(anonymous_1)
FN:51,(anonymous_2)
FN:57,(anonymous_4)
FN:73,(anonymous_5)
FN:77,(anonymous_6)
FN:83,(anonymous_7)
FN:89,(anonymous_8)
FN:93,(anonymous_9)
FN:99,(anonymous_10)
FN:109,(anonymous_11)
FN:121,(anonymous_13)
FN:122,(anonymous_14)
FNF:13
FNH:13
FNDA:10,(anonymous_0)
FNDA:12,(anonymous_1)
FNDA:4,(anonymous_2)
FNDA:1,(anonymous_4)
FNDA:43,(anonymous_5)
FNDA:36,(anonymous_6)
FNDA:87,(anonymous_7)
FNDA:105,(anonymous_8)
FNDA:72,(anonymous_9)
FNDA:54,(anonymous_10)
FNDA:12,(anonymous_11)
FNDA:12,(anonymous_13)
FNDA:21,(anonymous_14)
DA:27,1
DA:33,10
DA:34,10
DA:35,10
DA:36,10
DA:37,10
DA:38,10
DA:39,10
DA:40,10
DA:41,10
DA:42,10
DA:46,12
DA:47,12
DA:48,12
DA:52,4
DA:53,4
DA:54,1
DA:56,3
DA:57,1
DA:58,3
DA:59,3
DA:60,2
DA:61,1
DA:62,1
DA:64,1
DA:65,1
DA:70,4
DA:74,43
DA:78,36
DA:79,6
DA:84,87
DA:85,27
DA:90,105
DA:94,72
DA:95,12
DA:100,54
DA:104,39
DA:106,15
DA:110,12
DA:111,12
DA:112,2
DA:113,1
DA:114,1
DA:116,1
DA:122,12
DA:123,21
DA:124,21
DA:125,21
DA:126,21
DA:127,6
DA:129,21
DA:130,7
DA:131,7
DA:134,21
DA:135,8
DA:136,8
LF:56
LH:56
BRDA:53,0,0,1
BRDA:53,0,1,3
BRDA:59,1,0,2
BRDA:59,1,1,1
BRDA:60,2,0,1
BRDA:60,2,1,1
BRDA:78,3,0,6
BRDA:78,3,1,30
BRDA:78,4,0,36
BRDA:78,4,1,36
BRDA:79,5,0,6
BRDA:79,5,1,6
BRDA:84,6,0,27
BRDA:84,6,1,60
BRDA:84,7,0,87
BRDA:84,7,1,87
BRDA:85,8,0,27
BRDA:85,8,1,27
BRDA:90,9,0,105
BRDA:90,9,1,36
BRDA:94,10,0,12
BRDA:94,10,1,60
BRDA:100,11,0,39
BRDA:100,11,1,15
BRDA:100,12,0,54
BRDA:100,12,1,54
BRDA:100,12,2,15
BRDA:100,12,3,15
BRDA:111,13,0,2
BRDA:111,13,1,10
BRDA:112,14,0,1
BRDA:112,14,1,1
BRDA:126,15,0,6
BRDA:126,15,1,15
BRDA:126,16,0,21
BRDA:126,16,1,6
BRDA:129,17,0,7
BRDA:129,17,1,14
BRDA:129,18,0,21
BRDA:129,18,1,7
BRDA:134,19,0,8
BRDA:134,19,1,13
BRDA:134,20,0,21
BRDA:134,20,1,8
BRF:44
BRH:44
end_of_record
TN:
SF:src\app\components\signup\signup.component.ts
FN:37,(anonymous_0)
FN:52,(anonymous_1)
FN:57,(anonymous_2)
FN:63,(anonymous_4)
FN:71,(anonymous_5)
FN:77,(anonymous_6)
FN:83,(anonymous_7)
FN:86,(anonymous_8)
FN:92,(anonymous_9)
FN:96,(anonymous_10)
FN:102,(anonymous_11)
FN:108,(anonymous_12)
FN:112,(anonymous_13)
FN:118,(anonymous_14)
FN:122,(anonymous_15)
FN:134,(anonymous_16)
FNF:16
FNH:16
FNDA:9,(anonymous_0)
FNDA:11,(anonymous_1)
FNDA:6,(anonymous_2)
FNDA:1,(anonymous_4)
FNDA:68,(anonymous_5)
FNDA:76,(anonymous_6)
FNDA:5,(anonymous_7)
FNDA:4,(anonymous_8)
FNDA:87,(anonymous_9)
FNDA:60,(anonymous_10)
FNDA:76,(anonymous_11)
FNDA:276,(anonymous_12)
FNDA:266,(anonymous_13)
FNDA:50,(anonymous_14)
FNDA:68,(anonymous_15)
FNDA:11,(anonymous_16)
DA:29,1
DA:38,9
DA:39,9
DA:40,9
DA:41,9
DA:42,9
DA:43,9
DA:44,9
DA:45,9
DA:46,9
DA:47,9
DA:48,9
DA:49,9
DA:53,11
DA:54,11
DA:58,6
DA:59,6
DA:60,4
DA:62,2
DA:63,1
DA:64,2
DA:65,1
DA:68,6
DA:72,68
DA:73,42
DA:78,76
DA:79,24
DA:84,5
DA:85,5
DA:86,4
DA:87,4
DA:93,87
DA:97,60
DA:98,34
DA:103,76
DA:104,24
DA:109,276
DA:113,266
DA:114,70
DA:119,50
DA:123,68
DA:129,62
DA:131,6
DA:135,11
DA:136,11
DA:137,2
DA:138,1
DA:139,1
DA:141,1
LF:49
LH:49
BRDA:59,0,0,4
BRDA:59,0,1,2
BRDA:64,1,0,1
BRDA:64,1,1,1
BRDA:72,2,0,42
BRDA:72,2,1,26
BRDA:72,3,0,68
BRDA:72,3,1,68
BRDA:73,4,0,42
BRDA:73,4,1,42
BRDA:73,4,2,35
BRDA:78,5,0,24
BRDA:78,5,1,52
BRDA:78,6,0,76
BRDA:78,6,1,76
BRDA:79,7,0,24
BRDA:79,7,1,24
BRDA:79,7,2,20
BRDA:85,8,0,4
BRDA:85,8,1,1
BRDA:85,9,0,5
BRDA:85,9,1,5
BRDA:97,10,0,34
BRDA:97,10,1,26
BRDA:97,11,0,60
BRDA:97,11,1,60
BRDA:103,12,0,24
BRDA:103,12,1,52
BRDA:103,13,0,76
BRDA:103,13,1,76
BRDA:109,14,0,276
BRDA:109,14,1,111
BRDA:113,15,0,70
BRDA:113,15,1,196
BRDA:114,16,0,70
BRDA:114,16,1,70
BRDA:123,17,0,62
BRDA:123,17,1,6
BRDA:123,18,0,68
BRDA:123,18,1,68
BRDA:123,18,2,30
BRDA:123,18,3,22
BRDA:123,18,4,22
BRDA:123,18,5,22
BRDA:123,18,6,22
BRDA:123,18,7,11
BRDA:123,18,8,6
BRDA:123,18,9,6
BRDA:136,19,0,2
BRDA:136,19,1,9
BRDA:137,20,0,1
BRDA:137,20,1,1
BRF:52
BRH:52
end_of_record
TN:
SF:src\app\components\update-ad\update-ad.component.ts
FN:49,(anonymous_0)
FN:60,(anonymous_1)
FN:70,(anonymous_3)
FN:71,(anonymous_4)
FN:79,(anonymous_5)
FN:83,(anonymous_7)
FN:105,(anonymous_8)
FN:112,(anonymous_10)
FN:126,(anonymous_11)
FN:133,(anonymous_12)
FN:145,(anonymous_13)
FN:163,(anonymous_14)
FN:170,(anonymous_15)
FN:177,(anonymous_16)
FN:191,(anonymous_17)
FN:194,(anonymous_18)
FN:214,(anonymous_19)
FN:216,(anonymous_20)
FN:219,(anonymous_21)
FN:226,(anonymous_22)
FN:230,(anonymous_23)
FN:253,(anonymous_24)
FN:269,(anonymous_25)
FN:275,(anonymous_26)
FN:281,(anonymous_27)
FN:285,(anonymous_28)
FN:289,(anonymous_29)
FN:293,(anonymous_30)
FN:316,(anonymous_31)
FN:334,(anonymous_32)
FN:337,(anonymous_34)
FN:343,(anonymous_35)
FNF:32
FNH:32
FNDA:10,(anonymous_0)
FNDA:19,(anonymous_1)
FNDA:19,(anonymous_3)
FNDA:12,(anonymous_4)
FNDA:19,(anonymous_5)
FNDA:2,(anonymous_7)
FNDA:4,(anonymous_8)
FNDA:1,(anonymous_10)
FNDA:3,(anonymous_11)
FNDA:1,(anonymous_12)
FNDA:5,(anonymous_13)
FNDA:1,(anonymous_14)
FNDA:1,(anonymous_15)
FNDA:3,(anonymous_16)
FNDA:19,(anonymous_17)
FNDA:19,(anonymous_18)
FNDA:20,(anonymous_19)
FNDA:4,(anonymous_20)
FNDA:1,(anonymous_21)
FNDA:1,(anonymous_22)
FNDA:18,(anonymous_23)
FNDA:5,(anonymous_24)
FNDA:15,(anonymous_25)
FNDA:2,(anonymous_26)
FNDA:92,(anonymous_27)
FNDA:1,(anonymous_28)
FNDA:10,(anonymous_29)
FNDA:24,(anonymous_30)
FNDA:10,(anonymous_31)
FNDA:10,(anonymous_32)
FNDA:2,(anonymous_34)
FNDA:2,(anonymous_35)
DA:31,1
DA:50,10
DA:51,10
DA:52,10
DA:53,10
DA:54,10
DA:55,10
DA:56,10
DA:57,10
DA:58,10
DA:61,19
DA:62,19
DA:63,19
DA:64,19
DA:65,19
DA:66,19
DA:67,19
DA:71,19
DA:72,12
DA:73,12
DA:74,2
DA:80,19
DA:81,19
DA:82,16
DA:83,2
DA:84,16
DA:85,12
DA:86,10
DA:87,10
DA:88,10
DA:90,10
DA:91,10
DA:92,10
DA:93,10
DA:95,2
DA:98,4
DA:101,3
DA:106,4
DA:107,4
DA:108,1
DA:111,3
DA:112,1
DA:113,3
DA:114,2
DA:115,1
DA:119,1
DA:123,4
DA:127,3
DA:128,2
DA:129,2
DA:130,1
DA:131,1
DA:132,1
DA:133,1
DA:134,1
DA:136,1
DA:139,1
DA:146,5
DA:147,5
DA:158,5
DA:159,4
DA:164,1
DA:165,1
DA:166,1
DA:171,1
DA:172,1
DA:173,1
DA:178,3
DA:179,2
DA:183,2
DA:184,2
DA:185,1
DA:192,19
DA:195,19
DA:197,3
DA:198,3
DA:200,15
DA:201,15
DA:204,15
DA:206,1
DA:209,1
DA:215,20
DA:216,19
DA:217,4
DA:218,4
DA:220,1
DA:227,1
DA:231,18
DA:232,18
DA:233,15
DA:234,15
DA:237,18
DA:238,18
DA:239,16
DA:240,16
DA:241,15
DA:242,15
DA:244,16
DA:246,2
DA:247,1
DA:249,2
DA:254,5
DA:255,5
DA:256,2
DA:257,1
DA:258,1
DA:260,2
DA:262,3
DA:263,2
DA:265,3
DA:270,15
DA:271,14
DA:276,2
DA:277,1
DA:282,92
DA:286,1
DA:290,10
DA:294,24
DA:311,11
DA:313,13
DA:317,10
DA:335,10
DA:337,2
DA:338,10
DA:339,8
DA:344,2
DA:345,2
LF:127
LH:127
BRDA:73,0,0,2
BRDA:73,0,1,10
BRDA:81,1,0,16
BRDA:81,1,1,3
BRDA:84,2,0,12
BRDA:84,2,1,4
BRDA:85,3,0,10
BRDA:85,3,1,2
BRDA:85,4,0,12
BRDA:85,4,1,4
BRDA:107,5,0,1
BRDA:107,5,1,3
BRDA:113,6,0,2
BRDA:113,6,1,1
BRDA:114,7,0,1
BRDA:114,7,1,1
BRDA:127,8,0,2
BRDA:127,8,1,1
BRDA:127,9,0,3
BRDA:127,9,1,2
BRDA:129,10,0,1
BRDA:129,10,1,1
BRDA:158,11,0,4
BRDA:158,11,1,1
BRDA:178,12,0,2
BRDA:178,12,1,1
BRDA:184,13,0,1
BRDA:184,13,1,1
BRDA:196,14,0,3
BRDA:196,14,1,15
BRDA:196,14,2,1
BRDA:215,15,0,19
BRDA:215,15,1,1
BRDA:215,16,0,20
BRDA:215,16,1,20
BRDA:232,17,0,15
BRDA:232,17,1,3
BRDA:238,18,0,16
BRDA:238,18,1,2
BRDA:238,19,0,18
BRDA:238,19,1,16
BRDA:240,20,0,15
BRDA:240,20,1,1
BRDA:246,21,0,1
BRDA:246,21,1,1
BRDA:255,22,0,2
BRDA:255,22,1,3
BRDA:255,23,0,5
BRDA:255,23,1,3
BRDA:256,24,0,1
BRDA:256,24,1,1
BRDA:262,25,0,2
BRDA:262,25,1,1
BRDA:270,26,0,14
BRDA:270,26,1,1
BRDA:270,27,0,15
BRDA:270,27,1,15
BRDA:271,28,0,14
BRDA:271,28,1,14
BRDA:276,29,0,1
BRDA:276,29,1,1
BRDA:276,30,0,2
BRDA:276,30,1,2
BRDA:277,31,0,1
BRDA:277,31,1,1
BRDA:282,32,0,92
BRDA:282,32,1,91
BRDA:294,33,0,11
BRDA:294,33,1,13
BRDA:294,34,0,24
BRDA:294,34,1,16
BRDA:294,34,2,16
BRDA:294,34,3,16
BRDA:294,34,4,16
BRDA:294,34,5,16
BRDA:294,34,6,16
BRDA:294,34,7,16
BRDA:294,34,8,13
BRDA:294,34,9,13
BRDA:294,34,10,13
BRDA:294,34,11,13
BRDA:294,34,12,13
BRDA:294,34,13,13
BRDA:294,34,14,13
BRDA:294,34,15,13
BRDA:294,34,16,13
BRDA:294,34,17,13
BRDA:338,35,0,8
BRDA:338,35,1,2
BRDA:345,36,0,1
BRDA:345,36,1,1
BRF:91
BRH:91
end_of_record
TN:
SF:src\app\components\user-ads\user-ads.component.ts
FN:40,(anonymous_0)
FN:50,(anonymous_1)
FN:59,(anonymous_3)
FN:61,(anonymous_5)
FN:63,(anonymous_6)
FN:66,(anonymous_7)
FN:78,(anonymous_8)
FN:80,(anonymous_9)
FN:85,(anonymous_10)
FN:93,(anonymous_11)
FN:97,(anonymous_12)
FN:102,(anonymous_13)
FN:107,(anonymous_14)
FN:120,(anonymous_15)
FN:121,(anonymous_16)
FNF:15
FNH:15
FNDA:11,(anonymous_0)
FNDA:21,(anonymous_1)
FNDA:21,(anonymous_3)
FNDA:1,(anonymous_5)
FNDA:14,(anonymous_6)
FNDA:13,(anonymous_7)
FNDA:7,(anonymous_8)
FNDA:6,(anonymous_9)
FNDA:3,(anonymous_10)
FNDA:1,(anonymous_11)
FNDA:1,(anonymous_12)
FNDA:2,(anonymous_13)
FNDA:2,(anonymous_14)
FNDA:21,(anonymous_15)
FNDA:22,(anonymous_16)
DA:31,1
DA:33,11
DA:41,11
DA:42,11
DA:43,11
DA:44,11
DA:45,11
DA:46,11
DA:47,11
DA:48,11
DA:51,21
DA:52,21
DA:53,21
DA:54,21
DA:55,21
DA:56,10
DA:60,21
DA:61,1
DA:62,10
DA:63,14
DA:64,9
DA:65,9
DA:66,13
DA:67,1
DA:71,9
DA:72,2
DA:79,7
DA:80,3
DA:81,6
DA:82,3
DA:84,3
DA:85,3
DA:86,3
DA:94,1
DA:98,1
DA:103,2
DA:104,2
DA:108,2
DA:109,1
DA:111,1
DA:113,1
DA:115,1
DA:121,21
DA:122,22
DA:123,22
DA:124,22
DA:125,3
LF:47
LH:47
BRDA:62,0,0,9
BRDA:62,0,1,1
BRDA:66,1,0,1
BRDA:66,1,1,8
BRDA:71,2,0,2
BRDA:71,2,1,7
BRDA:79,3,0,3
BRDA:79,3,1,4
BRDA:81,4,0,3
BRDA:81,4,1,3
BRDA:83,5,0,1
BRDA:83,5,1,2
BRDA:87,6,0,1
BRDA:87,6,1,2
BRDA:108,7,0,1
BRDA:108,7,1,1
BRDA:108,8,0,2
BRDA:108,8,1,2
BRDA:124,9,0,3
BRDA:124,9,1,19
BRDA:124,10,0,22
BRDA:124,10,1,3
BRDA:124,10,2,3
BRF:23
BRH:23
end_of_record
TN:
SF:src\app\components\user-profile\user-profile.component.ts
FN:40,(anonymous_0)
FN:54,(anonymous_1)
FN:64,(anonymous_3)
FN:65,(anonymous_4)
FN:73,(anonymous_5)
FN:80,(anonymous_7)
FN:90,(anonymous_8)
FN:97,(anonymous_9)
FN:104,(anonymous_10)
FN:110,(anonymous_11)
FN:112,(anonymous_12)
FN:117,(anonymous_13)
FN:123,(anonymous_14)
FN:129,(anonymous_15)
FN:131,(anonymous_16)
FN:133,(anonymous_17)
FN:137,(anonymous_18)
FN:141,(anonymous_19)
FN:147,(anonymous_20)
FN:153,(anonymous_21)
FN:157,(anonymous_22)
FN:163,(anonymous_23)
FN:167,(anonymous_24)
FNF:23
FNH:23
FNDA:7,(anonymous_0)
FNDA:13,(anonymous_1)
FNDA:13,(anonymous_3)
FNDA:13,(anonymous_4)
FNDA:6,(anonymous_5)
FNDA:1,(anonymous_7)
FNDA:72,(anonymous_8)
FNDA:56,(anonymous_9)
FNDA:7,(anonymous_10)
FNDA:2,(anonymous_11)
FNDA:1,(anonymous_12)
FNDA:28,(anonymous_13)
FNDA:56,(anonymous_14)
FNDA:7,(anonymous_15)
FNDA:5,(anonymous_16)
FNDA:1,(anonymous_17)
FNDA:62,(anonymous_18)
FNDA:64,(anonymous_19)
FNDA:56,(anonymous_20)
FNDA:275,(anonymous_21)
FNDA:196,(anonymous_22)
FNDA:40,(anonymous_23)
FNDA:58,(anonymous_24)
DA:26,1
DA:41,7
DA:42,7
DA:43,7
DA:44,7
DA:45,7
DA:46,7
DA:47,7
DA:48,7
DA:49,7
DA:50,7
DA:51,7
DA:55,13
DA:56,13
DA:57,13
DA:58,13
DA:59,13
DA:60,6
DA:61,6
DA:65,13
DA:66,13
DA:67,13
DA:68,1
DA:74,6
DA:75,6
DA:76,4
DA:79,2
DA:80,1
DA:81,2
DA:82,1
DA:83,1
DA:87,6
DA:91,72
DA:92,58
DA:98,56
DA:99,28
DA:105,7
DA:106,7
DA:107,6
DA:108,3
DA:110,3
DA:111,2
DA:112,1
DA:118,28
DA:119,12
DA:124,56
DA:125,24
DA:130,7
DA:131,6
DA:132,5
DA:133,1
DA:138,62
DA:142,64
DA:143,43
DA:148,56
DA:149,24
DA:154,275
DA:158,196
DA:159,92
DA:164,40
DA:168,58
DA:180,52
DA:182,6
LF:63
LH:63
BRDA:67,0,0,1
BRDA:67,0,1,12
BRDA:75,1,0,4
BRDA:75,1,1,2
BRDA:81,2,0,1
BRDA:81,2,1,1
BRDA:91,3,0,58
BRDA:91,3,1,14
BRDA:91,4,0,72
BRDA:91,4,1,72
BRDA:92,5,0,58
BRDA:92,5,1,58
BRDA:92,5,2,51
BRDA:98,6,0,28
BRDA:98,6,1,28
BRDA:98,7,0,56
BRDA:98,7,1,56
BRDA:99,8,0,28
BRDA:99,8,1,28
BRDA:99,8,2,24
BRDA:106,9,0,6
BRDA:106,9,1,1
BRDA:106,10,0,7
BRDA:106,10,1,7
BRDA:107,11,0,3
BRDA:107,11,1,3
BRDA:118,12,0,12
BRDA:118,12,1,16
BRDA:118,13,0,28
BRDA:118,13,1,28
BRDA:119,14,0,12
BRDA:119,14,1,12
BRDA:124,15,0,24
BRDA:124,15,1,32
BRDA:124,16,0,56
BRDA:124,16,1,56
BRDA:125,17,0,24
BRDA:125,17,1,24
BRDA:130,18,0,6
BRDA:130,18,1,1
BRDA:130,19,0,7
BRDA:130,19,1,6
BRDA:142,20,0,43
BRDA:142,20,1,21
BRDA:142,21,0,64
BRDA:142,21,1,64
BRDA:148,22,0,24
BRDA:148,22,1,32
BRDA:148,23,0,56
BRDA:148,23,1,56
BRDA:154,24,0,275
BRDA:154,24,1,189
BRDA:158,25,0,92
BRDA:158,25,1,104
BRDA:159,26,0,92
BRDA:159,26,1,92
BRDA:168,27,0,52
BRDA:168,27,1,6
BRDA:168,28,0,58
BRDA:168,28,1,58
BRDA:168,28,2,44
BRDA:168,28,3,36
BRDA:168,28,4,36
BRDA:168,28,5,31
BRDA:168,28,6,31
BRDA:168,28,7,31
BRDA:168,28,8,19
BRDA:168,28,9,6
BRDA:168,28,10,6
BRDA:168,28,11,6
BRF:70
BRH:70
end_of_record
TN:
SF:src\app\components\users\users.component.ts
FN:29,(anonymous_0)
FN:36,(anonymous_1)
FN:43,(anonymous_3)
FN:45,(anonymous_5)
FN:48,(anonymous_6)
FN:55,(anonymous_7)
FN:59,(anonymous_9)
FN:64,(anonymous_10)
FN:69,(anonymous_11)
FNF:9
FNH:9
FNDA:8,(anonymous_0)
FNDA:15,(anonymous_1)
FNDA:15,(anonymous_3)
FNDA:1,(anonymous_5)
FNDA:10,(anonymous_6)
FNDA:3,(anonymous_7)
FNDA:1,(anonymous_9)
FNDA:2,(anonymous_10)
FNDA:2,(anonymous_11)
DA:24,1
DA:30,8
DA:31,8
DA:32,8
DA:33,8
DA:34,8
DA:37,15
DA:38,15
DA:39,15
DA:40,7
DA:44,15
DA:45,1
DA:46,7
DA:47,6
DA:48,6
DA:49,10
DA:56,3
DA:58,3
DA:59,1
DA:60,3
DA:65,2
DA:66,2
DA:70,2
DA:71,1
DA:73,1
DA:75,1
DA:77,1
LF:27
LH:27
BRDA:46,0,0,6
BRDA:46,0,1,1
BRDA:50,1,0,3
BRDA:50,1,1,7
BRDA:57,2,0,1
BRDA:57,2,1,2
BRDA:70,3,0,1
BRDA:70,3,1,1
BRDA:70,4,0,2
BRDA:70,4,1,2
BRF:10
BRH:10
end_of_record
TN:
SF:src\app\shared\guards\auth.guard.ts
FN:18,(anonymous_0)
FN:22,(anonymous_1)
FNF:2
FNH:2
FNDA:7,(anonymous_0)
FNDA:6,(anonymous_1)
DA:16,1
DA:19,7
DA:20,7
DA:24,6
DA:25,4
DA:26,4
DA:28,4
DA:29,3
DA:30,2
DA:31,1
DA:33,1
DA:34,1
DA:37,1
DA:38,1
DA:43,3
DA:44,3
DA:45,3
LF:17
LH:17
BRDA:24,0,0,4
BRDA:24,0,1,2
BRDA:24,1,0,6
BRDA:24,1,1,5
BRDA:28,2,0,3
BRDA:28,2,1,1
BRDA:29,3,0,2
BRDA:29,3,1,1
BRDA:30,4,0,1
BRDA:30,4,1,1
BRF:10
BRH:10
end_of_record
TN:
SF:src\app\shared\interceptors\error\error.interceptor.ts
FN:17,(anonymous_0)
FN:18,(anonymous_1)
FNF:2
FNH:2
FNDA:4,(anonymous_0)
FNDA:3,(anonymous_1)
DA:15,1
DA:18,4
DA:19,3
DA:20,3
DA:21,2
DA:23,3
LF:6
LH:6
BRDA:20,0,0,2
BRDA:20,0,1,1
BRDA:21,1,0,2
BRDA:21,1,1,1
BRF:4
BRH:4
end_of_record
TN:
SF:src\app\shared\interceptors\jwt\jwt.interceptor.ts
FN:18,(anonymous_0)
FN:23,(anonymous_1)
FN:35,(anonymous_2)
FNF:3
FNH:3
FNDA:4,(anonymous_0)
FNDA:3,(anonymous_1)
FNDA:2,(anonymous_2)
DA:16,1
DA:19,4
DA:20,4
DA:21,4
DA:24,3
DA:25,3
DA:26,1
DA:28,1
DA:29,1
DA:32,2
DA:36,2
DA:37,2
DA:38,1
DA:42,2
LF:14
LH:14
BRDA:25,0,0,1
BRDA:25,0,1,2
BRDA:25,1,0,3
BRDA:25,1,1,2
BRDA:37,2,0,1
BRDA:37,2,1,1
BRF:6
BRH:6
end_of_record
TN:
SF:src\app\shared\interceptors\timeout\timeout.interceptor.ts
FN:18,(anonymous_0)
FNF:1
FNH:1
FNDA:3,(anonymous_0)
DA:16,1
DA:19,3
DA:23,3
DA:24,1
DA:25,1
DA:27,2
LF:6
LH:6
BRDA:23,0,0,1
BRDA:23,0,1,2
BRF:2
BRH:2
end_of_record
TN:
SF:src\app\shared\model\types\ad-status.ts
FN:1,(anonymous_0)
FNF:1
FNH:1
FNDA:1,(anonymous_0)
DA:1,1
DA:2,1
DA:3,1
LF:3
LH:3
BRDA:1,0,0,1
BRDA:1,0,1,1
BRF:2
BRH:2
end_of_record
TN:
SF:src\app\shared\model\types\message-status.ts
FN:1,(anonymous_0)
FNF:1
FNH:1
FNDA:1,(anonymous_0)
DA:1,1
DA:2,1
DA:3,1
DA:4,1
LF:4
LH:4
BRDA:1,0,0,1
BRDA:1,0,1,1
BRF:2
BRH:2
end_of_record
TN:
SF:src\app\shared\model\types\notification-severity.ts
FN:1,(anonymous_0)
FNF:1
FNH:1
FNDA:1,(anonymous_0)
DA:1,1
DA:2,1
DA:3,1
DA:4,1
DA:5,1
LF:5
LH:5
BRDA:1,0,0,1
BRDA:1,0,1,1
BRF:2
BRH:2
end_of_record
TN:
SF:src\app\shared\model\types\pet-status.ts
FN:1,(anonymous_0)
FNF:1
FNH:1
FNDA:1,(anonymous_0)
DA:1,1
DA:2,1
DA:3,1
LF:3
LH:3
BRDA:1,0,0,1
BRDA:1,0,1,1
BRF:2
BRH:2
end_of_record
TN:
SF:src\app\shared\model\types\role.ts
FN:1,(anonymous_0)
FNF:1
FNH:1
FNDA:1,(anonymous_0)
DA:1,1
DA:2,1
DA:3,1
LF:3
LH:3
BRDA:1,0,0,1
BRDA:1,0,1,1
BRF:2
BRH:2
end_of_record
TN:
SF:src\app\shared\model\types\sex.ts
FN:1,(anonymous_0)
FNF:1
FNH:1
FNDA:1,(anonymous_0)
DA:1,1
DA:2,1
DA:3,1
LF:3
LH:3
BRDA:1,0,0,1
BRDA:1,0,1,1
BRF:2
BRH:2
end_of_record
TN:
SF:src\app\shared\model\types\user-status.ts
FN:1,(anonymous_0)
FNF:1
FNH:1
FNDA:1,(anonymous_0)
DA:1,1
DA:2,1
DA:3,1
LF:3
LH:3
BRDA:1,0,0,1
BRDA:1,0,1,1
BRF:2
BRH:2
end_of_record
TN:
SF:src\app\shared\services\ad\ad.service.ts
FN:17,(anonymous_0)
FN:20,(anonymous_1)
FN:24,(anonymous_3)
FN:29,(anonymous_5)
FN:33,(anonymous_7)
FN:37,(anonymous_9)
FN:44,(anonymous_11)
FN:51,(anonymous_13)
FNF:8
FNH:8
FNDA:15,(anonymous_0)
FNDA:2,(anonymous_1)
FNDA:2,(anonymous_3)
FNDA:2,(anonymous_5)
FNDA:2,(anonymous_7)
FNDA:2,(anonymous_9)
FNDA:2,(anonymous_11)
FNDA:2,(anonymous_13)
DA:15,1
DA:18,15
DA:21,2
DA:25,2
DA:26,1
DA:30,2
DA:34,2
DA:38,2
DA:39,2
DA:40,2
DA:41,2
DA:45,2
DA:46,2
DA:47,2
DA:48,2
DA:52,2
LF:16
LH:16
BRF:0
BRH:0
end_of_record
TN:
SF:src\app\shared\services\chat\chat.service.ts
FN:16,(anonymous_0)
FN:19,(anonymous_1)
FNF:2
FNH:2
FNDA:3,(anonymous_0)
FNDA:2,(anonymous_1)
DA:14,1
DA:17,3
DA:20,2
LF:3
LH:3
BRF:0
BRH:0
end_of_record
TN:
SF:src\app\shared\services\error-handler\error-handler.service.ts
FN:18,(anonymous_0)
FN:21,(anonymous_1)
FN:32,(anonymous_2)
FNF:3
FNH:3
FNDA:7,(anonymous_0)
FNDA:6,(anonymous_1)
FNDA:4,(anonymous_2)
DA:16,1
DA:19,7
DA:22,6
DA:23,6
DA:24,2
DA:25,1
DA:28,4
DA:33,4
DA:34,4
DA:35,2
DA:36,1
DA:39,2
DA:40,1
DA:42,2
LF:14
LH:14
BRDA:24,0,0,1
BRDA:24,0,1,1
BRDA:24,1,0,2
BRDA:24,1,1,2
BRDA:35,2,0,1
BRDA:35,2,1,1
BRDA:35,3,0,2
BRDA:35,3,1,1
BRDA:39,4,0,1
BRDA:39,4,1,1
BRF:10
BRH:10
end_of_record
TN:
SF:src\app\shared\services\message\message.service.ts
FN:35,(anonymous_0)
FN:43,(anonymous_1)
FN:47,(anonymous_2)
FN:51,(anonymous_3)
FN:57,(anonymous_5)
FN:61,(anonymous_6)
FN:62,(anonymous_7)
FN:64,(anonymous_8)
FN:71,(anonymous_9)
FN:76,(anonymous_10)
FN:80,(anonymous_11)
FN:84,(anonymous_12)
FN:88,(anonymous_13)
FN:93,(anonymous_14)
FN:97,(anonymous_15)
FN:106,(anonymous_16)
FN:109,(anonymous_18)
FNF:17
FNH:17
FNDA:11,(anonymous_0)
FNDA:2,(anonymous_1)
FNDA:6,(anonymous_2)
FNDA:2,(anonymous_3)
FNDA:7,(anonymous_5)
FNDA:1,(anonymous_6)
FNDA:4,(anonymous_7)
FNDA:2,(anonymous_8)
FNDA:4,(anonymous_9)
FNDA:3,(anonymous_10)
FNDA:3,(anonymous_11)
FNDA:4,(anonymous_12)
FNDA:1,(anonymous_13)
FNDA:4,(anonymous_14)
FNDA:7,(anonymous_15)
FNDA:4,(anonymous_16)
FNDA:1,(anonymous_18)
DA:25,1
DA:27,11
DA:28,11
DA:36,11
DA:37,11
DA:38,11
DA:39,11
DA:40,11
DA:44,2
DA:48,6
DA:52,2
DA:58,7
DA:59,7
DA:60,7
DA:61,7
DA:62,7
DA:63,4
DA:65,2
DA:67,2
DA:72,4
DA:73,3
DA:75,4
DA:76,3
DA:81,3
DA:85,4
DA:89,1
DA:90,1
DA:94,4
DA:98,7
DA:99,7
DA:100,7
DA:101,5
DA:103,7
DA:107,4
DA:108,4
DA:109,4
DA:110,1
LF:37
LH:37
BRDA:72,0,0,3
BRDA:72,0,1,1
BRDA:75,1,0,3
BRDA:75,1,1,1
BRDA:75,2,0,4
BRDA:75,2,1,3
BRDA:100,3,0,5
BRDA:100,3,1,2
BRF:8
BRH:8
end_of_record
TN:
SF:src\app\shared\services\notifications\notifications.service.ts
FN:21,(anonymous_0)
FN:25,(anonymous_1)
FN:34,(anonymous_2)
FN:43,(anonymous_3)
FN:52,(anonymous_4)
FN:61,(anonymous_5)
FN:70,(anonymous_6)
FNF:7
FNH:7
FNDA:6,(anonymous_0)
FNDA:1,(anonymous_1)
FNDA:1,(anonymous_2)
FNDA:1,(anonymous_3)
FNDA:1,(anonymous_4)
FNDA:1,(anonymous_5)
FNDA:6,(anonymous_6)
DA:17,1
DA:21,6
DA:22,6
DA:26,1
DA:35,1
DA:44,1
DA:53,1
DA:62,1
DA:71,6
LF:9
LH:9
BRF:0
BRH:0
end_of_record
TN:
SF:src\app\shared\services\spinner\spinner.service.ts
FN:17,(anonymous_0)
FN:21,(anonymous_1)
FN:25,(anonymous_2)
FN:29,(anonymous_3)
FN:30,(anonymous_4)
FNF:5
FNH:5
FNDA:36,(anonymous_0)
FNDA:104,(anonymous_1)
FNDA:35,(anonymous_2)
FNDA:4,(anonymous_3)
FNDA:3,(anonymous_4)
DA:13,1
DA:18,36
DA:22,104
DA:26,35
DA:30,4
DA:31,3
LF:6
LH:6
BRF:0
BRH:0
end_of_record
TN:
SF:src\app\shared\services\user\user.service.ts
FN:28,(anonymous_0)
FN:31,(anonymous_1)
FN:34,(anonymous_2)
FN:43,(anonymous_3)
FN:47,(anonymous_5)
FN:51,(anonymous_7)
FN:67,(anonymous_9)
FN:73,(anonymous_11)
FN:79,(anonymous_13)
FN:85,(anonymous_15)
FN:91,(anonymous_17)
FN:97,(anonymous_19)
FN:103,(anonymous_21)
FN:116,(anonymous_23)
FN:121,(anonymous_24)
FN:125,(anonymous_25)
FN:129,(anonymous_26)
FN:133,(anonymous_27)
FN:137,(anonymous_28)
FN:143,(anonymous_29)
FN:150,(anonymous_31)
FN:158,(anonymous_33)
FN:162,(anonymous_34)
FNF:23
FNH:23
FNDA:30,(anonymous_0)
FNDA:30,(anonymous_1)
FNDA:8,(anonymous_2)
FNDA:2,(anonymous_3)
FNDA:2,(anonymous_5)
FNDA:2,(anonymous_7)
FNDA:2,(anonymous_9)
FNDA:8,(anonymous_11)
FNDA:1,(anonymous_13)
FNDA:2,(anonymous_15)
FNDA:2,(anonymous_17)
FNDA:2,(anonymous_19)
FNDA:3,(anonymous_21)
FNDA:1,(anonymous_23)
FNDA:1,(anonymous_24)
FNDA:4,(anonymous_25)
FNDA:4,(anonymous_26)
FNDA:31,(anonymous_27)
FNDA:1,(anonymous_28)
FNDA:1,(anonymous_29)
FNDA:2,(anonymous_31)
FNDA:1,(anonymous_33)
FNDA:30,(anonymous_34)
DA:20,1
DA:22,30
DA:23,30
DA:29,30
DA:30,30
DA:31,30
DA:32,30
DA:33,30
DA:34,15
DA:35,8
DA:36,7
DA:44,2
DA:48,2
DA:52,2
DA:55,2
DA:56,2
DA:57,1
DA:58,1
DA:60,1
DA:68,2
DA:74,8
DA:80,1
DA:86,2
DA:92,2
DA:98,2
DA:104,3
DA:105,2
DA:106,2
DA:107,1
DA:109,2
DA:111,1
DA:112,1
DA:117,1
DA:118,1
DA:122,1
DA:126,4
DA:130,4
DA:134,31
DA:138,1
DA:139,1
DA:140,1
DA:144,1
DA:147,1
DA:151,2
DA:152,2
DA:153,1
DA:154,1
DA:159,1
DA:163,30
DA:164,30
DA:165,30
DA:166,15
DA:167,15
DA:169,15
LF:54
LH:54
BRDA:33,0,0,15
BRDA:33,0,1,15
BRDA:35,1,0,7
BRDA:35,1,1,1
BRDA:56,2,0,1
BRDA:56,2,1,1
BRDA:104,3,0,2
BRDA:104,3,1,1
BRDA:106,4,0,1
BRDA:106,4,1,1
BRDA:126,5,0,4
BRDA:126,5,1,3
BRDA:126,5,2,2
BRDA:152,6,0,1
BRDA:152,6,1,1
BRDA:165,7,0,15
BRDA:165,7,1,15
BRDA:165,8,0,30
BRDA:165,8,1,15
BRF:19
BRH:19
end_of_record
TN:
SF:src\environments\environment.ts
FNF:0
FNH:0
DA:3,1
LF:1
LH:1
BRF:0
BRH:0
end_of_record
TN:
SF:src\environments\google-maps.environment.ts
FNF:0
FNH:0
DA:1,1
LF:1
LH:1
BRF:0
BRH:0
end_of_record
